<?xml version="1.0" encoding="UTF-8"?>
<testsuite name="test.TwentyFacesDiceTest" tests="1" skipped="0" failures="0" errors="0" timestamp="2025-09-05T10:20:00.881Z" hostname="sylvain-Inspiron-14-5410" time="0.03">
  <properties/>
  <testcase name="testRollDistribution()" classname="test.TwentyFacesDiceTest" time="0.03"/>
  <system-out><![CDATA[Répartition des résultats après 1000 lancers :
Face 1 : 49 fois
Face 2 : 55 fois
Face 3 : 59 fois
Face 4 : 49 fois
Face 5 : 58 fois
Face 6 : 49 fois
Face 7 : 53 fois
Face 8 : 45 fois
Face 9 : 46 fois
Face 10 : 59 fois
Face 11 : 49 fois
Face 12 : 48 fois
Face 13 : 56 fois
Face 14 : 51 fois
Face 15 : 49 fois
Face 16 : 60 fois
Face 17 : 42 fois
Face 18 : 34 fois
Face 19 : 43 fois
Face 20 : 46 fois
]]></system-out>
  <system-err><![CDATA[]]></system-err>
</testsuite>
